Build started 4/05/2018 6:57:12 PM.
     1>Project "d:\Users\6482\documents\visual studio 2013\Projects\Assessment1\Assessment1\Assessment1.vcxproj" on node 2 (Build target(s)).
     1>ClCompile:
         C:\Program Files (x86)\Microsoft Visual Studio 12.0\VC\bin\CL.exe /c /ZI /nologo /W3 /WX- /sdl /Od /Oy- /D _MBCS /Gm /EHsc /RTC1 /MDd /GS /fp:precise /Zc:wchar_t /Zc:forScope /Fo"Debug\\" /Fd"Debug\vc120.pdb" /Gd /TP /analyze- /errorReport:prompt main.cpp
         main.cpp
     1>d:\users\6482\documents\visual studio 2013\projects\assessment1\assessment1\main.cpp(127): warning C4305: 'argument' : truncation from 'double' to 'float'
     1>d:\users\6482\documents\visual studio 2013\projects\assessment1\assessment1\main.cpp(175): warning C4244: 'initializing' : conversion from 'double' to 'float', possible loss of data
       Link:
         C:\Program Files (x86)\Microsoft Visual Studio 12.0\VC\bin\link.exe /ERRORREPORT:PROMPT /OUT:"d:\users\6482\documents\visual studio 2013\Projects\Assessment1\Debug\Assessment1.exe" /INCREMENTAL /NOLOGO SDL2.lib SDL2main.lib SDL2_image.lib SDL2_ttf.lib kernel32.lib user32.lib gdi32.lib winspool.lib comdlg32.lib advapi32.lib shell32.lib ole32.lib oleaut32.lib uuid.lib odbc32.lib odbccp32.lib /MANIFEST /MANIFESTUAC:"level='asInvoker' uiAccess='false'" /manifest:embed /DEBUG /PDB:"d:\users\6482\documents\visual studio 2013\Projects\Assessment1\Debug\Assessment1.pdb" /SUBSYSTEM:CONSOLE /TLBID:1 /DYNAMICBASE /NXCOMPAT /IMPLIB:"d:\users\6482\documents\visual studio 2013\Projects\Assessment1\Debug\Assessment1.lib" /MACHINE:X86 Debug\Animation.obj
         Debug\Character.obj
         Debug\Controller.obj
         Debug\Entity.obj
         Debug\InputHandler.obj
         Debug\Jump.obj
         Debug\main.obj
         Debug\Vector.obj
         Assessment1.vcxproj -> d:\users\6482\documents\visual studio 2013\Projects\Assessment1\Debug\Assessment1.exe
     1>Done Building Project "d:\Users\6482\documents\visual studio 2013\Projects\Assessment1\Assessment1\Assessment1.vcxproj" (Build target(s)).

Build succeeded.

Time Elapsed 00:00:00.90
